Using pre-set license
Built from '2022.2/staging' branch; Version is '2022.2.9f1 (1cc571a6ec95) revision 1885553'; Using compiler version '192829333'; Build Type 'Release'
OS: 'Windows 11  (10.0.22621) 64bit Core' Language: 'ja' Physical Memory: 16082 MB
BatchMode: 1, IsHumanControllingUs: 0, StartBugReporterOnCrash: 0, Is64bit: 1, IsPro: 1

COMMAND LINE ARGUMENTS:
C:\Program Files\Unity\Hub\Editor\2022.2.9f1\Editor\Unity.exe
-adb2
-batchMode
-noUpm
-name
AssetImportWorker2
-projectPath
D:/Github/syatiku
-logFile
Logs/AssetImportWorker2.log
-srvPort
57395
Successfully changed project path to: D:/Github/syatiku
D:/Github/syatiku
[UnityMemory] Configuration Parameters - Can be set up in boot.config
    "memorysetup-bucket-allocator-granularity=16"
    "memorysetup-bucket-allocator-bucket-count=8"
    "memorysetup-bucket-allocator-block-size=33554432"
    "memorysetup-bucket-allocator-block-count=8"
    "memorysetup-main-allocator-block-size=16777216"
    "memorysetup-thread-allocator-block-size=16777216"
    "memorysetup-gfx-main-allocator-block-size=16777216"
    "memorysetup-gfx-thread-allocator-block-size=16777216"
    "memorysetup-cache-allocator-block-size=4194304"
    "memorysetup-typetree-allocator-block-size=2097152"
    "memorysetup-profiler-bucket-allocator-granularity=16"
    "memorysetup-profiler-bucket-allocator-bucket-count=8"
    "memorysetup-profiler-bucket-allocator-block-size=33554432"
    "memorysetup-profiler-bucket-allocator-block-count=8"
    "memorysetup-profiler-allocator-block-size=16777216"
    "memorysetup-profiler-editor-allocator-block-size=1048576"
    "memorysetup-temp-allocator-size-main=16777216"
    "memorysetup-job-temp-allocator-block-size=2097152"
    "memorysetup-job-temp-allocator-block-size-background=1048576"
    "memorysetup-job-temp-allocator-reduction-small-platforms=262144"
    "memorysetup-temp-allocator-size-background-worker=32768"
    "memorysetup-temp-allocator-size-job-worker=262144"
    "memorysetup-temp-allocator-size-preload-manager=33554432"
    "memorysetup-temp-allocator-size-nav-mesh-worker=65536"
    "memorysetup-temp-allocator-size-audio-worker=65536"
    "memorysetup-temp-allocator-size-cloud-worker=32768"
    "memorysetup-temp-allocator-size-gi-baking-worker=262144"
    "memorysetup-temp-allocator-size-gfx=262144"
Player connection [26504] Host "[IP] 172.31.43.58 [Port] 0 [Flags] 2 [Guid] 1988321062 [EditorId] 1988321062 [Version] 1048832 [Id] WindowsEditor(7,DESKTOP-EBEEBBS) [Debug] 1 [PackageName] WindowsEditor [ProjectName] Editor" joined multi-casting on [225.0.0.222:54997]...

Player connection [26504] Host "[IP] 172.31.43.58 [Port] 0 [Flags] 2 [Guid] 1988321062 [EditorId] 1988321062 [Version] 1048832 [Id] WindowsEditor(7,DESKTOP-EBEEBBS) [Debug] 1 [PackageName] WindowsEditor [ProjectName] Editor" joined alternative multi-casting on [225.0.0.222:34997]...

Refreshing native plugins compatible for Editor in 20.48 ms, found 3 plugins.
Preloading 0 native plugins for Editor in 0.00 ms.
Initialize engine version: 2022.2.9f1 (1cc571a6ec95)
[Subsystems] Discovering subsystems at path C:/Program Files/Unity/Hub/Editor/2022.2.9f1/Editor/Data/Resources/UnitySubsystems
[Subsystems] Discovering subsystems at path D:/Github/syatiku/Assets
GfxDevice: creating device client; threaded=0; jobified=0
Direct3D:
    Version:  Direct3D 11.0 [level 11.1]
    Renderer: Intel(R) Iris(R) Xe Graphics (ID=0x9a49)
    Vendor:   Intel
    VRAM:     8041 MB
    Driver:   31.0.101.4824
Initialize mono
Mono path[0] = 'C:/Program Files/Unity/Hub/Editor/2022.2.9f1/Editor/Data/Managed'
Mono path[1] = 'C:/Program Files/Unity/Hub/Editor/2022.2.9f1/Editor/Data/MonoBleedingEdge/lib/mono/unityjit-win32'
Mono config path = 'C:/Program Files/Unity/Hub/Editor/2022.2.9f1/Editor/Data/MonoBleedingEdge/etc'
Using monoOptions --debugger-agent=transport=dt_socket,embedding=1,server=y,suspend=n,address=127.0.0.1:56932
Begin MonoManager ReloadAssembly
Registering precompiled unity dll's ...
Register platform support module: C:/Program Files/Unity/Hub/Editor/2022.2.9f1/Editor/Data/PlaybackEngines/WindowsStandaloneSupport/UnityEditor.WindowsStandalone.Extensions.dll
Registered in 0.012271 seconds.
- Loaded All Assemblies, in  0.659 seconds
Native extension for WindowsStandalone target not found
Mono: successfully reloaded assembly
- Finished resetting the current domain, in  0.654 seconds
Domain Reload Profiling:
	ReloadAssembly (345ms)
		BeginReloadAssembly (157ms)
			ExecutionOrderSort (0ms)
			DisableScriptedObjects (0ms)
			BackupInstance (0ms)
			ReleaseScriptingObjects (0ms)
			CreateAndSetChildDomain (2ms)
		LoadAllAssembliesAndSetupDomain (0ms)
			LoadAssemblies (153ms)
			RebuildTransferFunctionScriptingTraits (0ms)
			SetupTypeCache (292ms)
				TypeCache.Initialize (290ms)
					TypeCache.ScanAssembly (286ms)
				ResolveRequiredComponents (1ms)
		FinalizeReload (0ms)
			ReleaseScriptCaches (0ms)
			RebuildScriptCaches (0ms)
			SetupLoadedEditorAssemblies (511ms)
				LogAssemblyErrors (0ms)
				InitializePlatformSupportModulesInManaged (47ms)
				SetLoadedEditorAssemblies (16ms)
				RefreshPlugins (0ms)
				BeforeProcessingInitializeOnLoad (2ms)
				ProcessInitializeOnLoadAttributes (352ms)
				ProcessInitializeOnLoadMethodAttributes (94ms)
				AfterProcessingInitializeOnLoad (0ms)
				EditorAssembliesLoaded (0ms)
			ExecutionOrderSort2 (0ms)
			AwakeInstancesAfterBackupRestoration (0ms)
========================================================================
Worker process is ready to serve import requests
Begin MonoManager ReloadAssembly
Symbol file LoadedFromMemory doesn't match image D:\Github\syatiku\Library\PackageCache\com.unity.visualscripting@1.8.0\Editor\VisualScripting.Core\Dependencies\YamlDotNet\Unity.VisualScripting.YamlDotNet.dll
Symbol file LoadedFromMemory doesn't match image D:\Github\syatiku\Library\PackageCache\com.unity.visualscripting@1.8.0\Editor\VisualScripting.Core\Dependencies\DotNetZip\Unity.VisualScripting.IonicZip.dll
- Loaded All Assemblies, in  1.473 seconds
Refreshing native plugins compatible for Editor in 3.86 ms, found 3 plugins.
Native extension for WindowsStandalone target not found
System.Exception: Error! Visual Scripting: couldn't find visual scripting package
  at Unity.VisualScripting.PackageVersionUtility.get_version () [0x00043] in .\Library\PackageCache\com.unity.visualscripting@1.8.0\Editor\VisualScripting.Core\Utilities\PackageVersionUtility.cs:31 
  at Unity.VisualScripting.BoltCoreManifest.get_version () [0x00000] in .\Library\PackageCache\com.unity.visualscripting@1.8.0\Editor\VisualScripting.Core\Plugin\BoltCoreManifest.cs:11 
  at Unity.VisualScripting.PluginManifest.get_currentVersion () [0x00000] in .\Library\PackageCache\com.unity.visualscripting@1.8.0\Editor\VisualScripting.Core\Plugins\PluginManifest.cs:33 
  at Unity.VisualScripting.PluginManifest.get_versionMismatch () [0x00000] in .\Library\PackageCache\com.unity.visualscripting@1.8.0\Editor\VisualScripting.Core\Plugins\PluginManifest.cs:48 
  at Unity.VisualScripting.PluginContainer.Initialize () [0x00525] in .\Library\PackageCache\com.unity.visualscripting@1.8.0\Editor\VisualScripting.Core\Plugins\PluginContainer.cs:208 
  at Unity.VisualScripting.PluginContainer.InitializeOnLoad () [0x00009] in .\Library\PackageCache\com.unity.visualscripting@1.8.0\Editor\VisualScripting.Core\Plugins\PluginContainer.cs:32 
  at Unity.VisualScripting.VSUsageUtility.DoInitializeOnLoadCalls () [0x00034] in .\Library\PackageCache\com.unity.visualscripting@1.8.0\Editor\VisualScripting.Core\Utilities\VSUsageUtility.cs:76 
  at Unity.VisualScripting.VSUsageUtility.set_isVisualScriptingUsed (System.Boolean value) [0x0002c] in .\Library\PackageCache\com.unity.visualscripting@1.8.0\Editor\VisualScripting.Core\Utilities\VSUsageUtility.cs:114 
  at Unity.VisualScripting.VSUsageUtility.CheckAndSetIsVisualScriptingUsed () [0x00032] in .\Library\PackageCache\com.unity.visualscripting@1.8.0\Editor\VisualScripting.Core\Utilities\VSUsageUtility.cs:48 
  at Unity.VisualScripting.VSUsageUtility..cctor () [0x00000] in .\Library\PackageCache\com.unity.visualscripting@1.8.0\Editor\VisualScripting.Core\Utilities\VSUsageUtility.cs:22 
UnityEngine.StackTraceUtility:ExtractStackTrace ()
UnityEngine.DebugLogHandler:LogFormat (UnityEngine.LogType,UnityEngine.Object,string,object[])
UnityEngine.Logger:Log (UnityEngine.LogType,object)
UnityEngine.Debug:LogError (object)
UnityEditor.EditorAssemblies:ProcessInitializeOnLoadAttributes (System.Type[])

Mono: successfully reloaded assembly
- Finished resetting the current domain, in  1.906 seconds
Domain Reload Profiling:
	ReloadAssembly (535ms)
		BeginReloadAssembly (362ms)
			ExecutionOrderSort (0ms)
			DisableScriptedObjects (10ms)
			BackupInstance (0ms)
			ReleaseScriptingObjects (0ms)
			CreateAndSetChildDomain (63ms)
		LoadAllAssembliesAndSetupDomain (935ms)
			LoadAssemblies (609ms)
			RebuildTransferFunctionScriptingTraits (0ms)
			SetupTypeCache (491ms)
				TypeCache.Initialize (449ms)
					TypeCache.ScanAssembly (435ms)
				ResolveRequiredComponents (10ms)
		FinalizeReload (0ms)
			ReleaseScriptCaches (0ms)
			RebuildScriptCaches (0ms)
			SetupLoadedEditorAssemblies (1670ms)
				LogAssemblyErrors (0ms)
				InitializePlatformSupportModulesInManaged (9ms)
				SetLoadedEditorAssemblies (5ms)
				RefreshPlugins (0ms)
				BeforeProcessingInitializeOnLoad (152ms)
				ProcessInitializeOnLoadAttributes (1363ms)
				ProcessInitializeOnLoadMethodAttributes (127ms)
				AfterProcessingInitializeOnLoad (14ms)
				EditorAssembliesLoaded (0ms)
			ExecutionOrderSort2 (0ms)
			AwakeInstancesAfterBackupRestoration (11ms)
Launched and connected shader compiler UnityShaderCompiler.exe after 0.08 seconds
Refreshing native plugins compatible for Editor in 6.41 ms, found 3 plugins.
Preloading 0 native plugins for Editor in 0.00 ms.
Unloading 4928 Unused Serialized files (Serialized files now loaded: 0)
Unloading 64 unused Assets / (360.6 KB). Loaded Objects now: 5388.
Memory consumption went from 0.75 GB to 0.75 GB.
Total: 29.369700 ms (FindLiveObjects: 0.634700 ms CreateObjectMapping: 1.459700 ms MarkObjects: 26.893600 ms  DeleteObjects: 0.379500 ms)

AssetImportParameters requested are different than current active one (requested -> active):
  custom:container-demuxer-ogg: 62fdf1f143b41e24485cea50d1cbac27 -> 
  custom:video-codec-MediaFoundation-h265: 746d11721c4dcdbdad8f713fa42b33f4 -> 
  custom:video-decoder-ogg-theora: a1e56fd34408186e4bbccfd4996cb3dc -> 
  custom:framework-win-MediaFoundation: 216162199b28c13a410421893ffa2e32 -> 
  custom:container-demuxer-webm: 4f35f7cbe854078d1ac9338744f61a02 -> 
  custom:container-muxer-webm: aa71ff27fc2769a1b78a27578f13a17b -> 
  custom:video-decoder-webm-vp8: 9c59270c3fd7afecdb556c50c9e8de78 -> 
  custom:AudioImporter_EditorPlatform: d09bf68614088b80899f8185d706f6e7 -> 
  custom:video-encoder-webm-vp8: eb34c28f22e8b96e1ab97ce403110664 -> 
  custom:audio-decoder-ogg-vorbis: bf7c407c2cedff20999df2af8eb42d56 -> 
  custom:audio-encoder-webm-vorbis: bf7c407c2cedff20999df2af8eb42d56 -> 
========================================================================
Received Import Request.
  Time since last request: 58665.930815 seconds.
  path: Assets/b3.png
  artifactKey: Guid(e4f784f68baff9b47bcf9b69210c97e5) Importer(815301076,1909f56bfc062723c751e8b465ee728b)
Start importing Assets/b3.png using Guid(e4f784f68baff9b47bcf9b69210c97e5) Importer(815301076,1909f56bfc062723c751e8b465ee728b)  -> (artifact id: '20af69f382d26be808e62d987d8ed325') in 0.100305 seconds 
Number of updated asset objects reloaded before import = 0
Number of asset objects unloaded after import = 2
========================================================================
Received Import Request.
  Time since last request: 0.000042 seconds.
  path: Assets/L walk3.mat
  artifactKey: Guid(b9b50bc87c5a2d946847c252390cbc03) Importer(815301076,1909f56bfc062723c751e8b465ee728b)
Start importing Assets/L walk3.mat using Guid(b9b50bc87c5a2d946847c252390cbc03) Importer(815301076,1909f56bfc062723c751e8b465ee728b)  -> (artifact id: '9c9e9a6c180d1d873e3c59b1c51f9225') in 0.553528 seconds 
Number of updated asset objects reloaded before import = 0
Number of asset objects unloaded after import = 4
========================================================================
Received Import Request.
  Time since last request: 0.000030 seconds.
  path: Assets/inai.mat
  artifactKey: Guid(9c7680edf1e5e634489778883e107b53) Importer(815301076,1909f56bfc062723c751e8b465ee728b)
Start importing Assets/inai.mat using Guid(9c7680edf1e5e634489778883e107b53) Importer(815301076,1909f56bfc062723c751e8b465ee728b)  -> (artifact id: '2038b0ae671c1f99b4a94b243356e520') in 0.034251 seconds 
Number of updated asset objects reloaded before import = 0
Number of asset objects unloaded after import = 3
========================================================================
Received Import Request.
  Time since last request: 0.000041 seconds.
  path: Assets/GameManager.asset
  artifactKey: Guid(dae9249d9c5440a42a4dcd4804432c40) Importer(815301076,1909f56bfc062723c751e8b465ee728b)
Start importing Assets/GameManager.asset using Guid(dae9249d9c5440a42a4dcd4804432c40) Importer(815301076,1909f56bfc062723c751e8b465ee728b)  -> (artifact id: '04765514681c34619b96ca6642e1d5ac') in 0.681833 seconds 
Number of updated asset objects reloaded before import = 0
Number of asset objects unloaded after import = 1
========================================================================
Received Import Request.
  Time since last request: 344.601119 seconds.
  path: Assets/New EnvironmentLibrary.asset
  artifactKey: Guid(6bf0fa76a490b494aba4d9ace0db93ed) Importer(815301076,1909f56bfc062723c751e8b465ee728b)
Start importing Assets/New EnvironmentLibrary.asset using Guid(6bf0fa76a490b494aba4d9ace0db93ed) Importer(815301076,1909f56bfc062723c751e8b465ee728b)  -> (artifact id: '5784697164ef6327edd4364301a0cbb9') in 0.008398 seconds 
Number of updated asset objects reloaded before import = 0
Number of asset objects unloaded after import = 1
========================================================================
Received Import Request.
  Time since last request: 0.000052 seconds.
  path: Assets/R walk1.mat
  artifactKey: Guid(c811ee952c427f94a8cc10a1618ebc19) Importer(815301076,1909f56bfc062723c751e8b465ee728b)
Start importing Assets/R walk1.mat using Guid(c811ee952c427f94a8cc10a1618ebc19) Importer(815301076,1909f56bfc062723c751e8b465ee728b)  -> (artifact id: 'edbc708ebdd651f904be9ce44287b18d') in 0.023146 seconds 
Number of updated asset objects reloaded before import = 0
Number of asset objects unloaded after import = 3
========================================================================
Received Import Request.
  Time since last request: 0.000039 seconds.
  path: Assets/siro sita.mat
  artifactKey: Guid(b02b3fba6ad7f74419df73bd640b0e8a) Importer(815301076,1909f56bfc062723c751e8b465ee728b)
Start importing Assets/siro sita.mat using Guid(b02b3fba6ad7f74419df73bd640b0e8a) Importer(815301076,1909f56bfc062723c751e8b465ee728b)  -> (artifact id: 'a74f86c85935dfcb6a8c6034f4cd007b') in 0.019859 seconds 
Number of updated asset objects reloaded before import = 0
Number of asset objects unloaded after import = 3
========================================================================
Received Import Request.
  Time since last request: 0.000025 seconds.
  path: Assets/R walk3.mat
  artifactKey: Guid(3a358315d1ba2a94fa08ac4bd52a37cb) Importer(815301076,1909f56bfc062723c751e8b465ee728b)
Start importing Assets/R walk3.mat using Guid(3a358315d1ba2a94fa08ac4bd52a37cb) Importer(815301076,1909f56bfc062723c751e8b465ee728b)  -> (artifact id: '14ef7fda4ed3a44b9d55986221e0e70a') in 0.019936 seconds 
Number of updated asset objects reloaded before import = 0
Number of asset objects unloaded after import = 3
========================================================================
Received Import Request.
  Time since last request: 0.000033 seconds.
  path: Assets/r3.png
  artifactKey: Guid(f6a9268ef44b3ac46aadb7bf1a4a8600) Importer(815301076,1909f56bfc062723c751e8b465ee728b)
Start importing Assets/r3.png using Guid(f6a9268ef44b3ac46aadb7bf1a4a8600) Importer(815301076,1909f56bfc062723c751e8b465ee728b)  -> (artifact id: 'b0bb9a921878a4f4d34ddbdfa74d55f3') in 0.016425 seconds 
Number of updated asset objects reloaded before import = 0
Number of asset objects unloaded after import = 2
========================================================================
Received Import Request.
  Time since last request: 0.000020 seconds.
  path: Assets/R walk2.mat
  artifactKey: Guid(910d2c9d27452da459828e3bca8934a9) Importer(815301076,1909f56bfc062723c751e8b465ee728b)
Start importing Assets/R walk2.mat using Guid(910d2c9d27452da459828e3bca8934a9) Importer(815301076,1909f56bfc062723c751e8b465ee728b)  -> (artifact id: '979768843a3f35f4e880435d13756951') in 0.017915 seconds 
Number of updated asset objects reloaded before import = 0
Number of asset objects unloaded after import = 3
========================================================================
Received Import Request.
  Time since last request: 0.000018 seconds.
  path: Assets/New Terrain.asset
  artifactKey: Guid(77476ff6ed639ca4687d68a6e7c9ce76) Importer(815301076,1909f56bfc062723c751e8b465ee728b)
Start importing Assets/New Terrain.asset using Guid(77476ff6ed639ca4687d68a6e7c9ce76) Importer(815301076,1909f56bfc062723c751e8b465ee728b)  -> (artifact id: '4bc6997e71c43dca45d6ad8c667be7e8') in 0.009824 seconds 
Number of updated asset objects reloaded before import = 0
Number of asset objects unloaded after import = 1
========================================================================
Received Import Request.
  Time since last request: 0.000019 seconds.
  path: Assets/sample walk.asset
  artifactKey: Guid(8e39ed976dad77141b13795a5e1892be) Importer(815301076,1909f56bfc062723c751e8b465ee728b)
Start importing Assets/sample walk.asset using Guid(8e39ed976dad77141b13795a5e1892be) Importer(815301076,1909f56bfc062723c751e8b465ee728b)  -> (artifact id: '1a82ad1d617e6650a5e390884f8c45a9') in 0.013380 seconds 
Number of updated asset objects reloaded before import = 0
Number of asset objects unloaded after import = 1
========================================================================
Received Import Request.
  Time since last request: 0.038897 seconds.
  path: Assets/siro ue.mat
  artifactKey: Guid(56d05fe0d74c0554bbd62baa4c21beb9) Importer(815301076,1909f56bfc062723c751e8b465ee728b)
Start importing Assets/siro ue.mat using Guid(56d05fe0d74c0554bbd62baa4c21beb9) Importer(815301076,1909f56bfc062723c751e8b465ee728b)  -> (artifact id: '936be70e0f8adb667fe4b5b37cc10932') in 0.021226 seconds 
Number of updated asset objects reloaded before import = 0
Number of asset objects unloaded after import = 3
========================================================================
Received Import Request.
  Time since last request: 0.000024 seconds.
  path: Assets/UniversalRenderPipelineGlobalSettings.asset
  artifactKey: Guid(18dc0cd2c080841dea60987a38ce93fa) Importer(815301076,1909f56bfc062723c751e8b465ee728b)
Start importing Assets/UniversalRenderPipelineGlobalSettings.asset using Guid(18dc0cd2c080841dea60987a38ce93fa) Importer(815301076,1909f56bfc062723c751e8b465ee728b)  -> (artifact id: '3b9ed3c4cc2bcc5f07d20d853f149372') in 0.001454 seconds 
Number of updated asset objects reloaded before import = 0
Number of asset objects unloaded after import = 1
========================================================================
Received Import Request.
  Time since last request: 0.000019 seconds.
  path: Assets/tukue.asset
  artifactKey: Guid(e0238ff1ce6f9284baf1b516ca484e10) Importer(815301076,1909f56bfc062723c751e8b465ee728b)
Start importing Assets/tukue.asset using Guid(e0238ff1ce6f9284baf1b516ca484e10) Importer(815301076,1909f56bfc062723c751e8b465ee728b)  -> (artifact id: 'eb72693232fe44518192e37240c295c1') in 0.005546 seconds 
Number of updated asset objects reloaded before import = 0
Number of asset objects unloaded after import = 1
========================================================================
Received Import Request.
  Time since last request: 6.141529 seconds.
  path: Assets/EventScripts/WarpIn.prefab
  artifactKey: Guid(64c3145595228ac4ca77b1b2bfcbf7fa) Importer(815301076,1909f56bfc062723c751e8b465ee728b)
Start importing Assets/EventScripts/WarpIn.prefab using Guid(64c3145595228ac4ca77b1b2bfcbf7fa) Importer(815301076,1909f56bfc062723c751e8b465ee728b)  -> (artifact id: '8dc09a5e59cd7c91af743b5fa824e4b5') in 0.111848 seconds 
Number of updated asset objects reloaded before import = 0
Number of asset objects unloaded after import = 12
========================================================================
Received Import Request.
  Time since last request: 0.902310 seconds.
  path: Assets/Materials/194_1734146749.mat
  artifactKey: Guid(e1e9fb53c5512444facc0d4b46182223) Importer(815301076,1909f56bfc062723c751e8b465ee728b)
Start importing Assets/Materials/194_1734146749.mat using Guid(e1e9fb53c5512444facc0d4b46182223) Importer(815301076,1909f56bfc062723c751e8b465ee728b)  -> (artifact id: 'ea5c8caa294a8d19ed039062ca67ea49') in 1.289879 seconds 
Number of updated asset objects reloaded before import = 0
Number of asset objects unloaded after import = 3
========================================================================
Received Import Request.
  Time since last request: 0.000027 seconds.
  path: Assets/Materials/IMG_1543.mat
  artifactKey: Guid(0859fe7031063b74196f0c3db68220e4) Importer(815301076,1909f56bfc062723c751e8b465ee728b)
Start importing Assets/Materials/IMG_1543.mat using Guid(0859fe7031063b74196f0c3db68220e4) Importer(815301076,1909f56bfc062723c751e8b465ee728b)  -> (artifact id: 'e5d4337539d86fc9fbd558afff295cca') in 0.030639 seconds 
Number of updated asset objects reloaded before import = 0
Number of asset objects unloaded after import = 3
========================================================================
Received Import Request.
  Time since last request: 0.000062 seconds.
  path: Assets/Materials/キーボード1 1.png
  artifactKey: Guid(bd3b4395140f9a041a0693cfa921f850) Importer(815301076,1909f56bfc062723c751e8b465ee728b)
Start importing Assets/Materials/キーボード1 1.png using Guid(bd3b4395140f9a041a0693cfa921f850) Importer(815301076,1909f56bfc062723c751e8b465ee728b)  -> (artifact id: 'a717537839bf600c9fbd70aeceb3f314') in 0.029845 seconds 
Number of updated asset objects reloaded before import = 0
Number of asset objects unloaded after import = 2
========================================================================
Received Import Request.
  Time since last request: 0.000028 seconds.
  path: Assets/Materials/216_20231103193649.mat
  artifactKey: Guid(e38732a1e6886ea4f9386787115b68d5) Importer(815301076,1909f56bfc062723c751e8b465ee728b)
Start importing Assets/Materials/216_20231103193649.mat using Guid(e38732a1e6886ea4f9386787115b68d5) Importer(815301076,1909f56bfc062723c751e8b465ee728b)  -> (artifact id: '35ae261c728b1acbe3574e9b090d8665') in 0.030510 seconds 
Number of updated asset objects reloaded before import = 0
Number of asset objects unloaded after import = 3
========================================================================
Received Import Request.
  Time since last request: 0.000026 seconds.
  path: Assets/Materials/キーボード.png
  artifactKey: Guid(604016d7902a5c84b9342e37ac19bf6a) Importer(815301076,1909f56bfc062723c751e8b465ee728b)
Start importing Assets/Materials/キーボード.png using Guid(604016d7902a5c84b9342e37ac19bf6a) Importer(815301076,1909f56bfc062723c751e8b465ee728b)  -> (artifact id: '0b992571c8e45c49946384786a8ab6f4') in 0.026838 seconds 
Number of updated asset objects reloaded before import = 0
Number of asset objects unloaded after import = 2
========================================================================
Received Import Request.
  Time since last request: 0.000032 seconds.
  path: Assets/Materials/IMG_1497.mat
  artifactKey: Guid(613e0a4e25812ac48b7ee711c8b44955) Importer(815301076,1909f56bfc062723c751e8b465ee728b)
Start importing Assets/Materials/IMG_1497.mat using Guid(613e0a4e25812ac48b7ee711c8b44955) Importer(815301076,1909f56bfc062723c751e8b465ee728b)  -> (artifact id: '710a720a2969ddbefd78aba8a8d16f9d') in 0.027713 seconds 
Number of updated asset objects reloaded before import = 0
Number of asset objects unloaded after import = 2
========================================================================
Received Import Request.
  Time since last request: 0.648305 seconds.
  path: Assets/Scenes/SampleScene.unity
  artifactKey: Guid(99c9720ab356a0642a771bea13969a05) Importer(815301076,1909f56bfc062723c751e8b465ee728b)
Start importing Assets/Scenes/SampleScene.unity using Guid(99c9720ab356a0642a771bea13969a05) Importer(815301076,1909f56bfc062723c751e8b465ee728b)  -> (artifact id: '61eaacd4f570fece10e79e45b9f2dce3') in 0.000548 seconds 
Number of updated asset objects reloaded before import = 0
Number of asset objects unloaded after import = 0
